<?xml version="1.0" encoding="UTF-8"?>
<!-- Generated by org.testng.reporters.JUnitReportReporter -->
<testsuite hostname="AMBAL" failures="0" tests="1" name="tests.HomeTest" time="12.801" errors="0" timestamp="2023-05-10T19:26:43 IST" skipped="0">
  <testcase classname="tests.HomeTest" name="verify_logoVisibility" time="12.801"/>
  <system-out/>
</testsuite> <!-- tests.HomeTest -->
