<?xml version="1.0" encoding="UTF-8"?>
<!-- Generated by org.testng.reporters.JUnitReportReporter -->
<testsuite hostname="Chilanka-PC" failures="0" tests="1" name="tests.HomePage" time="24.781" errors="0" timestamp="2023-05-02T21:35:04 IST" skipped="0">
  <testcase classname="tests.HomePage" name="verify_logoVisibility" time="24.781"/>
  <system-out/>
</testsuite> <!-- tests.HomePage -->
