<?xml version="1.0" encoding="UTF-8"?>
<!-- Generated by org.testng.reporters.JUnitReportReporter -->
<testsuite hostname="Chilanka-PC" failures="0" tests="1" name="tests.InputFormTest" time="19.584" errors="0" timestamp="2023-05-03T22:02:31 IST" skipped="0">
  <testcase classname="tests.InputFormTest" name="showmessageButtonText" time="19.584"/>
  <system-out/>
</testsuite> <!-- tests.InputFormTest -->
