<?xml version="1.0" encoding="UTF-8"?>
<!-- Generated by org.testng.reporters.JUnitReportReporter -->
<testsuite hostname="Chilanka-PC" failures="0" tests="1" name="tests.TableTest" time="22.162" errors="0" timestamp="2023-05-06T15:34:11 IST" skipped="0">
  <testcase classname="tests.TableTest" name="verify_officeOfPerson" time="22.162"/>
  <system-out/>
</testsuite> <!-- tests.TableTest -->
