<?xml version="1.0" encoding="UTF-8"?>
<!-- Generated by org.testng.reporters.JUnitReportReporter -->
<testsuite hostname="Chilanka-PC" failures="0" tests="1" name="tests.TableTest" time="13.358" errors="0" timestamp="2023-05-03T22:41:18 IST" skipped="0">
  <testcase classname="tests.TableTest" name="verify_tableHeading" time="13.358"/>
  <system-out/>
</testsuite> <!-- tests.TableTest -->
