<?xml version="1.0" encoding="UTF-8"?>
<!-- Generated by org.testng.reporters.JUnitReportReporter -->
<testsuite hostname="AMBAL" failures="0" tests="1" name="tests.TableTest" time="7.245" errors="0" timestamp="2023-05-10T19:27:25 IST" skipped="0">
  <testcase classname="tests.TableTest" name="verifyNames" time="7.245"/>
  <system-out/>
</testsuite> <!-- tests.TableTest -->
