<?xml version="1.0" encoding="UTF-8"?>
<!-- Generated by org.testng.reporters.JUnitReportReporter -->
<testsuite hostname="Chilanka-PC" failures="0" tests="1" name="tests.DatePickersTest" time="16.796" errors="0" timestamp="2023-05-06T16:43:15 IST" skipped="0">
  <testcase classname="tests.DatePickersTest" name="another" time="16.796"/>
  <system-out/>
</testsuite> <!-- tests.DatePickersTest -->
