<?xml version="1.0" encoding="UTF-8"?>
<!-- Generated by org.testng.reporters.JUnitReportReporter -->
<testsuite hostname="Chilanka-PC" failures="0" tests="1" name="tests.HomeTest" time="54.522" errors="0" timestamp="2023-05-03T21:45:07 IST" skipped="0">
  <testcase classname="tests.HomeTest" name="verify_logoVisibility" time="54.522"/>
  <system-out/>
</testsuite> <!-- tests.HomeTest -->
